RAW JSON:
{"idNumber":"A21-00002","itemCart":[3,2]}

PARSED DATA:
Array
(
    [idNumber] => A21-00002
    [itemCart] => Array
        (
            [0] => 3
            [1] => 2
        )

)
RAW JSON:
{"idNumber":"A21-00002","itemCart":[3,2]}

PARSED DATA:
Array
(
    [idNumber] => A21-00002
    [itemCart] => Array
        (
            [0] => 3
            [1] => 2
        )

)
RAW JSON:
{"idNumber":"A21-00002","itemCart":[3,2]}

PARSED DATA:
Array
(
    [idNumber] => A21-00002
    [itemCart] => Array
        (
            [0] => 3
            [1] => 2
        )

)
RAW JSON:
{"idNumber":"A21-00002","itemCart":[3,2]}

PARSED DATA:
Array
(
    [idNumber] => A21-00002
    [itemCart] => Array
        (
            [0] => 3
            [1] => 2
        )

)
RAW JSON:
{"idNumber":"A21-00002","itemCart":[3,2]}

PARSED DATA:
Array
(
    [idNumber] => A21-00002
    [itemCart] => Array
        (
            [0] => 3
            [1] => 2
        )

)
RAW JSON:
{"idNumber":"A21-00002","itemCart":[2]}

PARSED DATA:
Array
(
    [idNumber] => A21-00002
    [itemCart] => Array
        (
            [0] => 2
        )

)
RAW JSON:
{"idNumber":"A21-00002","itemCart":[1,5]}

PARSED DATA:
Array
(
    [idNumber] => A21-00002
    [itemCart] => Array
        (
            [0] => 1
            [1] => 5
        )

)
RAW JSON:
{"idNumber":"A21-00002","itemCart":[7]}

PARSED DATA:
Array
(
    [idNumber] => A21-00002
    [itemCart] => Array
        (
            [0] => 7
        )

)
RAW JSON:
{"idNumber":"A21-00002","itemCart":[2,3]}

PARSED DATA:
Array
(
    [idNumber] => A21-00002
    [itemCart] => Array
        (
            [0] => 2
            [1] => 3
        )

)
RAW JSON:
{"idNumber":"A21-00002","itemCart":[11]}

PARSED DATA:
Array
(
    [idNumber] => A21-00002
    [itemCart] => Array
        (
            [0] => 11
        )

)
RAW JSON:
{"idNumber":"A21-00002","itemCart":[2]}

PARSED DATA:
Array
(
    [idNumber] => A21-00002
    [itemCart] => Array
        (
            [0] => 2
        )

)
RAW JSON:
{"idNumber":"A21-00002","itemCart":[4]}

PARSED DATA:
Array
(
    [idNumber] => A21-00002
    [itemCart] => Array
        (
            [0] => 4
        )

)
RAW JSON:
{"idNumber":"A21-00002","itemCart":[11,4,2]}

PARSED DATA:
Array
(
    [idNumber] => A21-00002
    [itemCart] => Array
        (
            [0] => 11
            [1] => 4
            [2] => 2
        )

)
